Performing C SOURCE FILE Test CMAKE_HAVE_LIBC_PTHREAD failed with the following output:
Change Dir: /home/d7/Public/rtl_scan/build/release/CMakeFiles/CMakeTmp

Run Build Command(s):/usr/bin/gmake cmTC_7400f/fast && /usr/bin/gmake  -f CMakeFiles/cmTC_7400f.dir/build.make CMakeFiles/cmTC_7400f.dir/build
gmake[1]: Entering directory '/home/d7/Public/rtl_scan/build/release/CMakeFiles/CMakeTmp'
Building C object CMakeFiles/cmTC_7400f.dir/src.c.o
/usr/bin/cc   -DCMAKE_HAVE_LIBC_PTHREAD -o CMakeFiles/cmTC_7400f.dir/src.c.o -c /home/d7/Public/rtl_scan/build/release/CMakeFiles/CMakeTmp/src.c
Linking C executable cmTC_7400f
/usr/bin/cmake -E cmake_link_script CMakeFiles/cmTC_7400f.dir/link.txt --verbose=1
/usr/bin/cc  -DCMAKE_HAVE_LIBC_PTHREAD CMakeFiles/cmTC_7400f.dir/src.c.o -o cmTC_7400f 
/usr/bin/ld: CMakeFiles/cmTC_7400f.dir/src.c.o: in function `main':
src.c:(.text+0x2f): undefined reference to `pthread_create'
/usr/bin/ld: src.c:(.text+0x3b): undefined reference to `pthread_detach'
/usr/bin/ld: src.c:(.text+0x47): undefined reference to `pthread_cancel'
/usr/bin/ld: src.c:(.text+0x58): undefined reference to `pthread_join'
collect2: error: ld returned 1 exit status
gmake[1]: *** [CMakeFiles/cmTC_7400f.dir/build.make:106: cmTC_7400f] Error 1
gmake[1]: Leaving directory '/home/d7/Public/rtl_scan/build/release/CMakeFiles/CMakeTmp'
gmake: *** [Makefile:140: cmTC_7400f/fast] Error 2


Source file was:
#include <pthread.h>

void* test_func(void* data)
{
  return data;
}

int main(void)
{
  pthread_t thread;
  pthread_create(&thread, NULL, test_func, NULL);
  pthread_detach(thread);
  pthread_cancel(thread);
  pthread_join(thread, NULL);
  pthread_atfork(NULL, NULL, NULL);
  pthread_exit(NULL);

  return 0;
}

Determining if the function pthread_create exists in the pthreads failed with the following output:
Change Dir: /home/d7/Public/rtl_scan/build/release/CMakeFiles/CMakeTmp

Run Build Command(s):/usr/bin/gmake cmTC_4054e/fast && /usr/bin/gmake  -f CMakeFiles/cmTC_4054e.dir/build.make CMakeFiles/cmTC_4054e.dir/build
gmake[1]: Entering directory '/home/d7/Public/rtl_scan/build/release/CMakeFiles/CMakeTmp'
Building C object CMakeFiles/cmTC_4054e.dir/CheckFunctionExists.c.o
/usr/bin/cc   -DCHECK_FUNCTION_EXISTS=pthread_create -o CMakeFiles/cmTC_4054e.dir/CheckFunctionExists.c.o -c /usr/share/cmake-3.18/Modules/CheckFunctionExists.c
Linking C executable cmTC_4054e
/usr/bin/cmake -E cmake_link_script CMakeFiles/cmTC_4054e.dir/link.txt --verbose=1
/usr/bin/cc  -DCHECK_FUNCTION_EXISTS=pthread_create CMakeFiles/cmTC_4054e.dir/CheckFunctionExists.c.o -o cmTC_4054e  -lpthreads 
/usr/bin/ld: cannot find -lpthreads
collect2: error: ld returned 1 exit status
gmake[1]: *** [CMakeFiles/cmTC_4054e.dir/build.make:106: cmTC_4054e] Error 1
gmake[1]: Leaving directory '/home/d7/Public/rtl_scan/build/release/CMakeFiles/CMakeTmp'
gmake: *** [Makefile:140: cmTC_4054e/fast] Error 2



